Analysis & Elaboration report for simple_processor
Sat Jun 26 13:47:20 2021
Quartus Prime Version 20.1.1 Build 720 11/11/2020 SJ Lite Edition


---------------------
; Table of Contents ;
---------------------
  1. Legal Notice
  2. Analysis & Elaboration Summary
  3. Parallel Compilation
  4. Parameter Settings for User Entity Instance: core:core_1|state_machine:state_machine
  5. Parameter Settings for User Entity Instance: core:core_1|control_unit:control_Unit
  6. Analysis & Elaboration Settings
  7. Analysis & Elaboration Messages



----------------
; Legal Notice ;
----------------
Copyright (C) 2020  Intel Corporation. All rights reserved.
Your use of Intel Corporation's design tools, logic functions 
and other software and tools, and any partner logic 
functions, and any output files from any of the foregoing 
(including device programming or simulation files), and any 
associated documentation or information are expressly subject 
to the terms and conditions of the Intel Program License 
Subscription Agreement, the Intel Quartus Prime License Agreement,
the Intel FPGA IP License Agreement, or other applicable license
agreement, including, without limitation, that your use is for
the sole purpose of programming logic devices manufactured by
Intel and sold by Intel or its authorized distributors.  Please
refer to the applicable agreement for further details, at
https://fpgasoftware.intel.com/eula.



+----------------------------------------------------------------------------------+
; Analysis & Elaboration Summary                                                   ;
+------------------------------------+---------------------------------------------+
; Analysis & Elaboration Status      ; Successful - Sat Jun 26 13:47:20 2021       ;
; Quartus Prime Version              ; 20.1.1 Build 720 11/11/2020 SJ Lite Edition ;
; Revision Name                      ; simple_processor                            ;
; Top-level Entity Name              ; top_control                                 ;
; Family                             ; Cyclone IV E                                ;
; Total logic elements               ; N/A until Partition Merge                   ;
;     Total combinational functions  ; N/A until Partition Merge                   ;
;     Dedicated logic registers      ; N/A until Partition Merge                   ;
; Total registers                    ; N/A until Partition Merge                   ;
; Total pins                         ; N/A until Partition Merge                   ;
; Total virtual pins                 ; N/A until Partition Merge                   ;
; Total memory bits                  ; N/A until Partition Merge                   ;
; Embedded Multiplier 9-bit elements ; N/A until Partition Merge                   ;
; Total PLLs                         ; N/A until Partition Merge                   ;
+------------------------------------+---------------------------------------------+


+------------------------------------------+
; Parallel Compilation                     ;
+----------------------------+-------------+
; Processors                 ; Number      ;
+----------------------------+-------------+
; Number detected on machine ; 8           ;
; Maximum allowed            ; 4           ;
;                            ;             ;
; Average used               ; 1.00        ;
; Maximum used               ; 1           ;
;                            ;             ;
; Usage by Processor         ; % Time Used ;
;     Processor 1            ; 100.0%      ;
+----------------------------+-------------+


+--------------------------------------------------------------------------------------+
; Parameter Settings for User Entity Instance: core:core_1|state_machine:state_machine ;
+----------------+--------+------------------------------------------------------------+
; Parameter Name ; Value  ; Type                                                       ;
+----------------+--------+------------------------------------------------------------+
; idle           ; 000000 ; Unsigned Binary                                            ;
; fetch1         ; 000001 ; Unsigned Binary                                            ;
; fetch2         ; 000010 ; Unsigned Binary                                            ;
; fetch3         ; 000011 ; Unsigned Binary                                            ;
; fetch4         ; 000100 ; Unsigned Binary                                            ;
; fetch5         ; 000101 ; Unsigned Binary                                            ;
; fetch6         ; 000110 ; Unsigned Binary                                            ;
; ldr11          ; 000111 ; Unsigned Binary                                            ;
; ldr12          ; 001000 ; Unsigned Binary                                            ;
; ldr13          ; 001001 ; Unsigned Binary                                            ;
; ldr14          ; 001010 ; Unsigned Binary                                            ;
; ldr21          ; 001011 ; Unsigned Binary                                            ;
; ldr22          ; 001100 ; Unsigned Binary                                            ;
; ldr23          ; 001101 ; Unsigned Binary                                            ;
; ldr24          ; 001110 ; Unsigned Binary                                            ;
; stac1          ; 001111 ; Unsigned Binary                                            ;
; stac2          ; 010000 ; Unsigned Binary                                            ;
; stac3          ; 010001 ; Unsigned Binary                                            ;
; stac4          ; 010010 ; Unsigned Binary                                            ;
; add1           ; 010011 ; Unsigned Binary                                            ;
; add2           ; 010100 ; Unsigned Binary                                            ;
; mul1           ; 010101 ; Unsigned Binary                                            ;
; mul2           ; 010110 ; Unsigned Binary                                            ;
; FINISH         ; 010111 ; Unsigned Binary                                            ;
+----------------+--------+------------------------------------------------------------+
Note: In order to hide this table in the UI and the text report file, please set the "Show Parameter Settings in Synthesis Report" option in "Analysis and Synthesis Settings -> More Settings" to "Off".


+------------------------------------------------------------------------------------+
; Parameter Settings for User Entity Instance: core:core_1|control_unit:control_Unit ;
+----------------+--------+----------------------------------------------------------+
; Parameter Name ; Value  ; Type                                                     ;
+----------------+--------+----------------------------------------------------------+
; idle           ; 000000 ; Unsigned Binary                                          ;
; fetch1         ; 000001 ; Unsigned Binary                                          ;
; fetch2         ; 000010 ; Unsigned Binary                                          ;
; fetch3         ; 000011 ; Unsigned Binary                                          ;
; fetch4         ; 000100 ; Unsigned Binary                                          ;
; fetch5         ; 000101 ; Unsigned Binary                                          ;
; fetch6         ; 000110 ; Unsigned Binary                                          ;
; ldr11          ; 000111 ; Unsigned Binary                                          ;
; ldr12          ; 001000 ; Unsigned Binary                                          ;
; ldr13          ; 001001 ; Unsigned Binary                                          ;
; ldr14          ; 001010 ; Unsigned Binary                                          ;
; ldr21          ; 001011 ; Unsigned Binary                                          ;
; ldr22          ; 001100 ; Unsigned Binary                                          ;
; ldr23          ; 001101 ; Unsigned Binary                                          ;
; ldr24          ; 001110 ; Unsigned Binary                                          ;
; stac1          ; 001111 ; Unsigned Binary                                          ;
; stac2          ; 010000 ; Unsigned Binary                                          ;
; stac3          ; 010001 ; Unsigned Binary                                          ;
; stac4          ; 010010 ; Unsigned Binary                                          ;
; add1           ; 010011 ; Unsigned Binary                                          ;
; add2           ; 010100 ; Unsigned Binary                                          ;
; mul1           ; 010101 ; Unsigned Binary                                          ;
; mul2           ; 010110 ; Unsigned Binary                                          ;
; FINISH         ; 010111 ; Unsigned Binary                                          ;
+----------------+--------+----------------------------------------------------------+
Note: In order to hide this table in the UI and the text report file, please set the "Show Parameter Settings in Synthesis Report" option in "Analysis and Synthesis Settings -> More Settings" to "Off".


+------------------------------------------------------------------------------------------------------------+
; Analysis & Elaboration Settings                                                                            ;
+------------------------------------------------------------------+--------------------+--------------------+
; Option                                                           ; Setting            ; Default Value      ;
+------------------------------------------------------------------+--------------------+--------------------+
; Top-level entity name                                            ; top_control        ; simple_processor   ;
; Family name                                                      ; Cyclone IV E       ; Cyclone V          ;
; Use smart compilation                                            ; Off                ; Off                ;
; Enable parallel Assembler and Timing Analyzer during compilation ; On                 ; On                 ;
; Enable compact report table                                      ; Off                ; Off                ;
; Restructure Multiplexers                                         ; Auto               ; Auto               ;
; Create Debugging Nodes for IP Cores                              ; Off                ; Off                ;
; Preserve fewer node names                                        ; On                 ; On                 ;
; Intel FPGA IP Evaluation Mode                                    ; Enable             ; Enable             ;
; Verilog Version                                                  ; Verilog_2001       ; Verilog_2001       ;
; VHDL Version                                                     ; VHDL_1993          ; VHDL_1993          ;
; State Machine Processing                                         ; Auto               ; Auto               ;
; Safe State Machine                                               ; Off                ; Off                ;
; Extract Verilog State Machines                                   ; On                 ; On                 ;
; Extract VHDL State Machines                                      ; On                 ; On                 ;
; Ignore Verilog initial constructs                                ; Off                ; Off                ;
; Iteration limit for constant Verilog loops                       ; 5000               ; 5000               ;
; Iteration limit for non-constant Verilog loops                   ; 250                ; 250                ;
; Add Pass-Through Logic to Inferred RAMs                          ; On                 ; On                 ;
; Infer RAMs from Raw Logic                                        ; On                 ; On                 ;
; Parallel Synthesis                                               ; On                 ; On                 ;
; DSP Block Balancing                                              ; Auto               ; Auto               ;
; NOT Gate Push-Back                                               ; On                 ; On                 ;
; Power-Up Don't Care                                              ; On                 ; On                 ;
; Remove Redundant Logic Cells                                     ; Off                ; Off                ;
; Remove Duplicate Registers                                       ; On                 ; On                 ;
; Ignore CARRY Buffers                                             ; Off                ; Off                ;
; Ignore CASCADE Buffers                                           ; Off                ; Off                ;
; Ignore GLOBAL Buffers                                            ; Off                ; Off                ;
; Ignore ROW GLOBAL Buffers                                        ; Off                ; Off                ;
; Ignore LCELL Buffers                                             ; Off                ; Off                ;
; Ignore SOFT Buffers                                              ; On                 ; On                 ;
; Limit AHDL Integers to 32 Bits                                   ; Off                ; Off                ;
; Optimization Technique                                           ; Balanced           ; Balanced           ;
; Carry Chain Length                                               ; 70                 ; 70                 ;
; Auto Carry Chains                                                ; On                 ; On                 ;
; Auto Open-Drain Pins                                             ; On                 ; On                 ;
; Perform WYSIWYG Primitive Resynthesis                            ; Off                ; Off                ;
; Auto ROM Replacement                                             ; On                 ; On                 ;
; Auto RAM Replacement                                             ; On                 ; On                 ;
; Auto DSP Block Replacement                                       ; On                 ; On                 ;
; Auto Shift Register Replacement                                  ; Auto               ; Auto               ;
; Allow Shift Register Merging across Hierarchies                  ; Auto               ; Auto               ;
; Auto Clock Enable Replacement                                    ; On                 ; On                 ;
; Strict RAM Replacement                                           ; Off                ; Off                ;
; Allow Synchronous Control Signals                                ; On                 ; On                 ;
; Force Use of Synchronous Clear Signals                           ; Off                ; Off                ;
; Auto RAM Block Balancing                                         ; On                 ; On                 ;
; Auto RAM to Logic Cell Conversion                                ; Off                ; Off                ;
; Auto Resource Sharing                                            ; Off                ; Off                ;
; Allow Any RAM Size For Recognition                               ; Off                ; Off                ;
; Allow Any ROM Size For Recognition                               ; Off                ; Off                ;
; Allow Any Shift Register Size For Recognition                    ; Off                ; Off                ;
; Use LogicLock Constraints during Resource Balancing              ; On                 ; On                 ;
; Ignore translate_off and synthesis_off directives                ; Off                ; Off                ;
; Timing-Driven Synthesis                                          ; On                 ; On                 ;
; Report Parameter Settings                                        ; On                 ; On                 ;
; Report Source Assignments                                        ; On                 ; On                 ;
; Report Connectivity Checks                                       ; On                 ; On                 ;
; Ignore Maximum Fan-Out Assignments                               ; Off                ; Off                ;
; Synchronization Register Chain Length                            ; 2                  ; 2                  ;
; Power Optimization During Synthesis                              ; Normal compilation ; Normal compilation ;
; HDL message level                                                ; Level2             ; Level2             ;
; Suppress Register Optimization Related Messages                  ; Off                ; Off                ;
; Number of Removed Registers Reported in Synthesis Report         ; 5000               ; 5000               ;
; Number of Swept Nodes Reported in Synthesis Report               ; 5000               ; 5000               ;
; Number of Inverted Registers Reported in Synthesis Report        ; 100                ; 100                ;
; Clock MUX Protection                                             ; On                 ; On                 ;
; Auto Gated Clock Conversion                                      ; Off                ; Off                ;
; Block Design Naming                                              ; Auto               ; Auto               ;
; SDC constraint protection                                        ; Off                ; Off                ;
; Synthesis Effort                                                 ; Auto               ; Auto               ;
; Shift Register Replacement - Allow Asynchronous Clear Signal     ; On                 ; On                 ;
; Pre-Mapping Resynthesis Optimization                             ; Off                ; Off                ;
; Analysis & Synthesis Message Level                               ; Medium             ; Medium             ;
; Disable Register Merging Across Hierarchies                      ; Auto               ; Auto               ;
; Resource Aware Inference For Block RAM                           ; On                 ; On                 ;
+------------------------------------------------------------------+--------------------+--------------------+


+---------------------------------+
; Analysis & Elaboration Messages ;
+---------------------------------+
Info: *******************************************************************
Info: Running Quartus Prime Analysis & Elaboration
    Info: Version 20.1.1 Build 720 11/11/2020 SJ Lite Edition
    Info: Processing started: Sat Jun 26 13:47:09 2021
Info: Command: quartus_map --read_settings_files=on --write_settings_files=off simple_processor -c simple_processor --analysis_and_elaboration
Warning (18236): Number of processors has not been specified which may cause overloading on shared machines.  Set the global assignment NUM_PARALLEL_PROCESSORS in your QSF to an appropriate value for best performance.
Info (20030): Parallel compilation is enabled and will use 4 of the 4 processors detected
Info (12021): Found 1 design units, including 1 entities, in source file rom_vlog_mif.v
    Info (12023): Found entity 1: rom_vlog_mif File: D:/Academics/FPGA Processor Project/GitHub/fpga_processor/Simple processor/rom_vlog_mif.v Line: 3
Info (12021): Found 1 design units, including 1 entities, in source file singleport_ram.v
    Info (12023): Found entity 1: singleport_ram File: D:/Academics/FPGA Processor Project/GitHub/fpga_processor/Simple processor/singleport_ram.v Line: 1
Info (12021): Found 1 design units, including 1 entities, in source file top_control.v
    Info (12023): Found entity 1: top_control File: D:/Academics/FPGA Processor Project/GitHub/fpga_processor/Simple processor/top_control.v Line: 1
Info (12021): Found 1 design units, including 1 entities, in source file memory_ip.v
    Info (12023): Found entity 1: memory_ip File: D:/Academics/FPGA Processor Project/GitHub/fpga_processor/Simple processor/memory_ip.v Line: 40
Info (12021): Found 1 design units, including 1 entities, in source file register.v
    Info (12023): Found entity 1: register File: D:/Academics/FPGA Processor Project/GitHub/fpga_processor/Simple processor/register.v Line: 1
Info (12021): Found 1 design units, including 1 entities, in source file alu.v
    Info (12023): Found entity 1: ALU File: D:/Academics/FPGA Processor Project/GitHub/fpga_processor/Simple processor/ALU.v Line: 1
Info (12021): Found 1 design units, including 1 entities, in source file pc.v
    Info (12023): Found entity 1: PC File: D:/Academics/FPGA Processor Project/GitHub/fpga_processor/Simple processor/PC.v Line: 1
Info (12021): Found 1 design units, including 1 entities, in source file processor.v
    Info (12023): Found entity 1: processor File: D:/Academics/FPGA Processor Project/GitHub/fpga_processor/Simple processor/processor.v Line: 1
Info (12021): Found 1 design units, including 1 entities, in source file state_machine.v
    Info (12023): Found entity 1: state_machine File: D:/Academics/FPGA Processor Project/GitHub/fpga_processor/Simple processor/state_machine.v Line: 2
Info (12021): Found 1 design units, including 1 entities, in source file control_unit.v
    Info (12023): Found entity 1: control_unit File: D:/Academics/FPGA Processor Project/GitHub/fpga_processor/Simple processor/control_unit.v Line: 9
Info (12021): Found 1 design units, including 1 entities, in source file core.v
    Info (12023): Found entity 1: core File: D:/Academics/FPGA Processor Project/GitHub/fpga_processor/Simple processor/core.v Line: 1
Info (12021): Found 1 design units, including 1 entities, in source file iram.v
    Info (12023): Found entity 1: iram File: D:/Academics/FPGA Processor Project/GitHub/fpga_processor/Simple processor/iram.v Line: 1
Info (12021): Found 1 design units, including 1 entities, in source file dram.v
    Info (12023): Found entity 1: dram File: D:/Academics/FPGA Processor Project/GitHub/fpga_processor/Simple processor/dram.v Line: 1
Info (12127): Elaborating entity "top_control" for the top level hierarchy
Warning (10858): Verilog HDL warning at top_control.v(39): object write_en_ins used but never assigned File: D:/Academics/FPGA Processor Project/GitHub/fpga_processor/Simple processor/top_control.v Line: 39
Warning (10030): Net "write_en_ins" at top_control.v(39) has no driver or initial value, using a default initial value '0' File: D:/Academics/FPGA Processor Project/GitHub/fpga_processor/Simple processor/top_control.v Line: 39
Info (12128): Elaborating entity "core" for hierarchy "core:core_1" File: D:/Academics/FPGA Processor Project/GitHub/fpga_processor/Simple processor/top_control.v Line: 66
Info (12128): Elaborating entity "state_machine" for hierarchy "core:core_1|state_machine:state_machine" File: D:/Academics/FPGA Processor Project/GitHub/fpga_processor/Simple processor/core.v Line: 24
Info (12128): Elaborating entity "control_unit" for hierarchy "core:core_1|control_unit:control_Unit" File: D:/Academics/FPGA Processor Project/GitHub/fpga_processor/Simple processor/core.v Line: 26
Info (12128): Elaborating entity "processor" for hierarchy "core:core_1|processor:processor" File: D:/Academics/FPGA Processor Project/GitHub/fpga_processor/Simple processor/core.v Line: 28
Info (12128): Elaborating entity "register" for hierarchy "core:core_1|processor:processor|register:R1" File: D:/Academics/FPGA Processor Project/GitHub/fpga_processor/Simple processor/processor.v Line: 12
Info (12128): Elaborating entity "PC" for hierarchy "core:core_1|processor:processor|PC:PC" File: D:/Academics/FPGA Processor Project/GitHub/fpga_processor/Simple processor/processor.v Line: 22
Info (12128): Elaborating entity "ALU" for hierarchy "core:core_1|processor:processor|ALU:ALU" File: D:/Academics/FPGA Processor Project/GitHub/fpga_processor/Simple processor/processor.v Line: 24
Info (10264): Verilog HDL Case Statement information at ALU.v(11): all case item expressions in this case statement are onehot File: D:/Academics/FPGA Processor Project/GitHub/fpga_processor/Simple processor/ALU.v Line: 11
Info (12128): Elaborating entity "iram" for hierarchy "iram:iram" File: D:/Academics/FPGA Processor Project/GitHub/fpga_processor/Simple processor/top_control.v Line: 123
Info (12128): Elaborating entity "dram" for hierarchy "dram:dram" File: D:/Academics/FPGA Processor Project/GitHub/fpga_processor/Simple processor/top_control.v Line: 133
Info: Quartus Prime Analysis & Elaboration was successful. 0 errors, 3 warnings
    Info: Peak virtual memory: 4704 megabytes
    Info: Processing ended: Sat Jun 26 13:47:20 2021
    Info: Elapsed time: 00:00:11
    Info: Total CPU time (on all processors): 00:00:28


