Analysis & Synthesis report for Processor
Mon May 24 15:09:52 2021
Quartus Prime Version 20.1.1 Build 720 11/11/2020 SJ Lite Edition


---------------------
; Table of Contents ;
---------------------
  1. Legal Notice
  2. Analysis & Synthesis Summary
  3. Analysis & Synthesis Settings
  4. Parallel Compilation
  5. Analysis & Synthesis Messages
  6. Analysis & Synthesis Suppressed Messages



----------------
; Legal Notice ;
----------------
Copyright (C) 2020  Intel Corporation. All rights reserved.
Your use of Intel Corporation's design tools, logic functions 
and other software and tools, and any partner logic 
functions, and any output files from any of the foregoing 
(including device programming or simulation files), and any 
associated documentation or information are expressly subject 
to the terms and conditions of the Intel Program License 
Subscription Agreement, the Intel Quartus Prime License Agreement,
the Intel FPGA IP License Agreement, or other applicable license
agreement, including, without limitation, that your use is for
the sole purpose of programming logic devices manufactured by
Intel and sold by Intel or its authorized distributors.  Please
refer to the applicable agreement for further details, at
https://fpgasoftware.intel.com/eula.



+----------------------------------------------------------------------------------+
; Analysis & Synthesis Summary                                                     ;
+------------------------------------+---------------------------------------------+
; Analysis & Synthesis Status        ; Failed - Mon May 24 15:09:52 2021           ;
; Quartus Prime Version              ; 20.1.1 Build 720 11/11/2020 SJ Lite Edition ;
; Revision Name                      ; Processor                                   ;
; Top-level Entity Name              ; memory                                      ;
; Family                             ; Cyclone IV E                                ;
; Total logic elements               ; N/A until Partition Merge                   ;
;     Total combinational functions  ; N/A until Partition Merge                   ;
;     Dedicated logic registers      ; N/A until Partition Merge                   ;
; Total registers                    ; N/A until Partition Merge                   ;
; Total pins                         ; N/A until Partition Merge                   ;
; Total virtual pins                 ; N/A until Partition Merge                   ;
; Total memory bits                  ; N/A until Partition Merge                   ;
; Embedded Multiplier 9-bit elements ; N/A until Partition Merge                   ;
; Total PLLs                         ; N/A until Partition Merge                   ;
+------------------------------------+---------------------------------------------+


+------------------------------------------------------------------------------------------------------------+
; Analysis & Synthesis Settings                                                                              ;
+------------------------------------------------------------------+--------------------+--------------------+
; Option                                                           ; Setting            ; Default Value      ;
+------------------------------------------------------------------+--------------------+--------------------+
; Top-level entity name                                            ; memory             ; Processor          ;
; Family name                                                      ; Cyclone IV E       ; Cyclone V          ;
; Type of Retiming Performed During Resynthesis                    ; Full               ;                    ;
; Resynthesis Optimization Effort                                  ; Normal             ;                    ;
; Physical Synthesis Level for Resynthesis                         ; Normal             ;                    ;
; Use Generated Physical Constraints File                          ; On                 ;                    ;
; Use smart compilation                                            ; Off                ; Off                ;
; Enable parallel Assembler and Timing Analyzer during compilation ; On                 ; On                 ;
; Enable compact report table                                      ; Off                ; Off                ;
; Restructure Multiplexers                                         ; Auto               ; Auto               ;
; Create Debugging Nodes for IP Cores                              ; Off                ; Off                ;
; Preserve fewer node names                                        ; On                 ; On                 ;
; Intel FPGA IP Evaluation Mode                                    ; Enable             ; Enable             ;
; Verilog Version                                                  ; Verilog_2001       ; Verilog_2001       ;
; VHDL Version                                                     ; VHDL_1993          ; VHDL_1993          ;
; State Machine Processing                                         ; Auto               ; Auto               ;
; Safe State Machine                                               ; Off                ; Off                ;
; Extract Verilog State Machines                                   ; On                 ; On                 ;
; Extract VHDL State Machines                                      ; On                 ; On                 ;
; Ignore Verilog initial constructs                                ; Off                ; Off                ;
; Iteration limit for constant Verilog loops                       ; 5000               ; 5000               ;
; Iteration limit for non-constant Verilog loops                   ; 250                ; 250                ;
; Add Pass-Through Logic to Inferred RAMs                          ; On                 ; On                 ;
; Infer RAMs from Raw Logic                                        ; On                 ; On                 ;
; Parallel Synthesis                                               ; On                 ; On                 ;
; DSP Block Balancing                                              ; Auto               ; Auto               ;
; NOT Gate Push-Back                                               ; On                 ; On                 ;
; Power-Up Don't Care                                              ; On                 ; On                 ;
; Remove Redundant Logic Cells                                     ; Off                ; Off                ;
; Remove Duplicate Registers                                       ; On                 ; On                 ;
; Ignore CARRY Buffers                                             ; Off                ; Off                ;
; Ignore CASCADE Buffers                                           ; Off                ; Off                ;
; Ignore GLOBAL Buffers                                            ; Off                ; Off                ;
; Ignore ROW GLOBAL Buffers                                        ; Off                ; Off                ;
; Ignore LCELL Buffers                                             ; Off                ; Off                ;
; Ignore SOFT Buffers                                              ; On                 ; On                 ;
; Limit AHDL Integers to 32 Bits                                   ; Off                ; Off                ;
; Optimization Technique                                           ; Balanced           ; Balanced           ;
; Carry Chain Length                                               ; 70                 ; 70                 ;
; Auto Carry Chains                                                ; On                 ; On                 ;
; Auto Open-Drain Pins                                             ; On                 ; On                 ;
; Perform WYSIWYG Primitive Resynthesis                            ; Off                ; Off                ;
; Auto ROM Replacement                                             ; On                 ; On                 ;
; Auto RAM Replacement                                             ; On                 ; On                 ;
; Auto DSP Block Replacement                                       ; On                 ; On                 ;
; Auto Shift Register Replacement                                  ; Auto               ; Auto               ;
; Allow Shift Register Merging across Hierarchies                  ; Auto               ; Auto               ;
; Auto Clock Enable Replacement                                    ; On                 ; On                 ;
; Strict RAM Replacement                                           ; Off                ; Off                ;
; Allow Synchronous Control Signals                                ; On                 ; On                 ;
; Force Use of Synchronous Clear Signals                           ; Off                ; Off                ;
; Auto RAM Block Balancing                                         ; On                 ; On                 ;
; Auto RAM to Logic Cell Conversion                                ; Off                ; Off                ;
; Auto Resource Sharing                                            ; Off                ; Off                ;
; Allow Any RAM Size For Recognition                               ; Off                ; Off                ;
; Allow Any ROM Size For Recognition                               ; Off                ; Off                ;
; Allow Any Shift Register Size For Recognition                    ; Off                ; Off                ;
; Use LogicLock Constraints during Resource Balancing              ; On                 ; On                 ;
; Ignore translate_off and synthesis_off directives                ; Off                ; Off                ;
; Timing-Driven Synthesis                                          ; On                 ; On                 ;
; Report Parameter Settings                                        ; On                 ; On                 ;
; Report Source Assignments                                        ; On                 ; On                 ;
; Report Connectivity Checks                                       ; On                 ; On                 ;
; Ignore Maximum Fan-Out Assignments                               ; Off                ; Off                ;
; Synchronization Register Chain Length                            ; 2                  ; 2                  ;
; Power Optimization During Synthesis                              ; Normal compilation ; Normal compilation ;
; HDL message level                                                ; Level2             ; Level2             ;
; Suppress Register Optimization Related Messages                  ; Off                ; Off                ;
; Number of Removed Registers Reported in Synthesis Report         ; 5000               ; 5000               ;
; Number of Swept Nodes Reported in Synthesis Report               ; 5000               ; 5000               ;
; Number of Inverted Registers Reported in Synthesis Report        ; 100                ; 100                ;
; Clock MUX Protection                                             ; On                 ; On                 ;
; Auto Gated Clock Conversion                                      ; Off                ; Off                ;
; Block Design Naming                                              ; Auto               ; Auto               ;
; SDC constraint protection                                        ; Off                ; Off                ;
; Synthesis Effort                                                 ; Auto               ; Auto               ;
; Shift Register Replacement - Allow Asynchronous Clear Signal     ; On                 ; On                 ;
; Pre-Mapping Resynthesis Optimization                             ; Off                ; Off                ;
; Analysis & Synthesis Message Level                               ; Medium             ; Medium             ;
; Disable Register Merging Across Hierarchies                      ; Auto               ; Auto               ;
; Resource Aware Inference For Block RAM                           ; On                 ; On                 ;
+------------------------------------------------------------------+--------------------+--------------------+


+------------------------------------------+
; Parallel Compilation                     ;
+----------------------------+-------------+
; Processors                 ; Number      ;
+----------------------------+-------------+
; Number detected on machine ; 4           ;
; Maximum allowed            ; 2           ;
;                            ;             ;
; Average used               ; 1.00        ;
; Maximum used               ; 1           ;
;                            ;             ;
; Usage by Processor         ; % Time Used ;
;     Processor 1            ; 100.0%      ;
+----------------------------+-------------+


+-------------------------------+
; Analysis & Synthesis Messages ;
+-------------------------------+
Info: *******************************************************************
Info: Running Quartus Prime Analysis & Synthesis
    Info: Version 20.1.1 Build 720 11/11/2020 SJ Lite Edition
    Info: Processing started: Mon May 24 15:09:05 2021
Info: Command: quartus_map --read_settings_files=on --write_settings_files=off Processor -c Processor
Warning (18236): Number of processors has not been specified which may cause overloading on shared machines.  Set the global assignment NUM_PARALLEL_PROCESSORS in your QSF to an appropriate value for best performance.
Info (20030): Parallel compilation is enabled and will use 2 of the 2 processors detected
Info (12021): Found 1 design units, including 1 entities, in source file tb/bus_tb.v
    Info (12023): Found entity 1: BUS_tb File: D:/OLD ACA/FPGA/Project/Test_project/fpga_processor/tb/BUS_tb.v Line: 2
Info (12021): Found 1 design units, including 1 entities, in source file tb/ac_tb.v
    Info (12023): Found entity 1: ac_tb File: D:/OLD ACA/FPGA/Project/Test_project/fpga_processor/tb/ac_tb.v Line: 3
Info (12021): Found 1 design units, including 1 entities, in source file tb/alu_tb.v
    Info (12023): Found entity 1: ALU_tb File: D:/OLD ACA/FPGA/Project/Test_project/fpga_processor/tb/ALU_tb.v Line: 3
Info (12021): Found 1 design units, including 1 entities, in source file register.v
    Info (12023): Found entity 1: register File: D:/OLD ACA/FPGA/Project/Test_project/fpga_processor/Register.v Line: 1
Info (12021): Found 1 design units, including 1 entities, in source file processor.v
    Info (12023): Found entity 1: Processor File: D:/OLD ACA/FPGA/Project/Test_project/fpga_processor/Processor.v Line: 1
Info (12021): Found 1 design units, including 1 entities, in source file pc.v
    Info (12023): Found entity 1: PC File: D:/OLD ACA/FPGA/Project/Test_project/fpga_processor/PC.v Line: 1
Info (12021): Found 1 design units, including 1 entities, in source file ac.v
    Info (12023): Found entity 1: AC File: D:/OLD ACA/FPGA/Project/Test_project/fpga_processor/AC.v Line: 1
Info (12021): Found 1 design units, including 1 entities, in source file ir.v
    Info (12023): Found entity 1: IR File: D:/OLD ACA/FPGA/Project/Test_project/fpga_processor/IR.v Line: 1
Info (12021): Found 1 design units, including 1 entities, in source file alu.v
    Info (12023): Found entity 1: ALU File: D:/OLD ACA/FPGA/Project/Test_project/fpga_processor/ALU.v Line: 1
Info (12021): Found 1 design units, including 1 entities, in source file bus.v
    Info (12023): Found entity 1: BUS File: D:/OLD ACA/FPGA/Project/Test_project/fpga_processor/BUS.v Line: 1
Warning (10229): Verilog HDL Expression warning at Control_Unit.v(66): truncated literal to match 16 bits File: D:/OLD ACA/FPGA/Project/Test_project/fpga_processor/Control_Unit.v Line: 66
Info (12021): Found 1 design units, including 1 entities, in source file control_unit.v
    Info (12023): Found entity 1: control_unit File: D:/OLD ACA/FPGA/Project/Test_project/fpga_processor/Control_Unit.v Line: 1
Info (12021): Found 1 design units, including 1 entities, in source file processor_datapath.v
    Info (12023): Found entity 1: datapath File: D:/OLD ACA/FPGA/Project/Test_project/fpga_processor/Processor_datapath.v Line: 1
Info (12021): Found 1 design units, including 1 entities, in source file state_machine.v
    Info (12023): Found entity 1: state_machine File: D:/OLD ACA/FPGA/Project/Test_project/fpga_processor/state_machine.v Line: 4
Info (12021): Found 1 design units, including 1 entities, in source file top_layer.v
    Info (12023): Found entity 1: top_layer File: D:/OLD ACA/FPGA/Project/Test_project/fpga_processor/top_layer.v Line: 2
Info (12021): Found 1 design units, including 1 entities, in source file clock.v
    Info (12023): Found entity 1: clock File: D:/OLD ACA/FPGA/Project/Test_project/fpga_processor/clock.v Line: 3
Info (12021): Found 0 design units, including 0 entities, in source file test.v
Error (10170): Verilog HDL syntax error at memory.v(20) near text: "end";  expecting ";". Check for and fix any syntax errors that appear immediately before or at the specified keyword. The Intel FPGA Knowledge Database contains many articles with specific details on how to resolve this error. Visit the Knowledge Database at https://www.altera.com/support/support-resources/knowledge-base/search.html and search for this specific error message number. File: D:/OLD ACA/FPGA/Project/Test_project/fpga_processor/memory.v Line: 20
Error (10170): Verilog HDL syntax error at memory.v(25) near text: "end"; "end" without "begin" . Check for and fix any syntax errors that appear immediately before or at the specified keyword. The Intel FPGA Knowledge Database contains many articles with specific details on how to resolve this error. Visit the Knowledge Database at https://www.altera.com/support/support-resources/knowledge-base/search.html and search for this specific error message number. File: D:/OLD ACA/FPGA/Project/Test_project/fpga_processor/memory.v Line: 25
Error (10170): Verilog HDL syntax error at memory.v(26) near text: "end"; "end" without "begin" . Check for and fix any syntax errors that appear immediately before or at the specified keyword. The Intel FPGA Knowledge Database contains many articles with specific details on how to resolve this error. Visit the Knowledge Database at https://www.altera.com/support/support-resources/knowledge-base/search.html and search for this specific error message number. File: D:/OLD ACA/FPGA/Project/Test_project/fpga_processor/memory.v Line: 26
Info (12021): Found 0 design units, including 0 entities, in source file memory.v
Info (144001): Generated suppressed messages file D:/OLD ACA/FPGA/Project/Test_project/fpga_processor/output_files/Processor.map.smsg
Error: Quartus Prime Analysis & Synthesis was unsuccessful. 3 errors, 3 warnings
    Error: Peak virtual memory: 4721 megabytes
    Error: Processing ended: Mon May 24 15:09:52 2021
    Error: Elapsed time: 00:00:47
    Error: Total CPU time (on all processors): 00:00:52


+------------------------------------------+
; Analysis & Synthesis Suppressed Messages ;
+------------------------------------------+
The suppressed messages can be found in D:/OLD ACA/FPGA/Project/Test_project/fpga_processor/output_files/Processor.map.smsg.


